<?xml version="1.0" encoding="UTF-8"?>
<!-- Generated by org.testng.reporters.JUnitXMLReporter -->
<testsuite hostname="DESKTOP-S4V18SH" ignored="0" name="Test" tests="3" failures="0" timestamp="19 Jul 2021 07:12:49 GMT" time="0.057" errors="0">
  <testcase name="printGoogle" time="0.015" classname="testCases.GoogleTest"/>
  <testcase name="printAmazon" time="0.0" classname="testCases.AmazonTest"/>
  <testcase name="printFacebook" time="0.0" classname="testCases.FacebookTest"/>
</testsuite> <!-- Test -->
