<?xml version="1.0" encoding="UTF-8"?>
<testsuite xmlns:xsi="http://www.w3.org/2001/XMLSchema-instance" xsi:noNamespaceSchemaLocation="https://maven.apache.org/surefire/maven-surefire-plugin/xsd/surefire-test-report-3.0.xsd" version="3.0" name="TestSuite" time="0.733" tests="3" errors="0" skipped="0" failures="0">
  <properties>
[...]
</properties>
  <testcase name="printGoogle" classname="testCases.GoogleTest" time="0.008">
    <system-out><![CDATA[This is from print google
]]></system-out>
  </testcase>
  <testcase name="printAmazon" classname="testCases.AmazonTest" time="0">
    <system-out><![CDATA[This is from print Amazon
]]></system-out>
  </testcase>
  <testcase name="printFacebook" classname="testCases.FacebookTest" time="0">
    <system-out><![CDATA[This is from print Facebook
]]></system-out>
  </testcase>
</testsuite>